# JRE version: Java(TM) SE Runtime Environment (7.0_55-b13) (build 1.7.0_55-b13)
# Java VM: Java HotSpot(TM) 64-Bit Server VM (24.55-b03 mixed mode windows-amd64 compressed oops)
Heap
 par new generation   total 153344K, used 149430K [0x00000000bae00000, 0x00000000c5460000, 0x00000000c5460000)
  eden space 136320K,  97% used [0x00000000bae00000, 0x00000000c2f4db68, 0x00000000c3320000)
  from space 17024K, 100% used [0x00000000c43c0000, 0x00000000c5460000, 0x00000000c5460000)
  to   space 17024K,   0% used [0x00000000c3320000, 0x00000000c3320000, 0x00000000c43c0000)
 concurrent mark-sweep generation total 878208K, used 59157K [0x00000000c5460000, 0x00000000fae00000, 0x00000000fae00000)
 concurrent-mark-sweep perm gen total 41220K, used 25549K [0x00000000fae00000, 0x00000000fd641000, 0x0000000100000000)
GC Heap History (10 events):
Event: 12.915 GC heap before
{Heap before GC invocations=2 (full 1):
 par new generation   total 153344K, used 150094K [0x00000000bae00000, 0x00000000c5460000, 0x00000000c5460000)
  eden space 136320K, 100% used [0x00000000bae00000, 0x00000000c3320000, 0x00000000c3320000)
  from space 17024K,  80% used [0x00000000c3320000, 0x00000000c40939a0, 0x00000000c43c0000)
  to   space 17024K,   0% used [0x00000000c43c0000, 0x00000000c43c0000, 0x00000000c5460000)
 concurrent mark-sweep generation total 878208K, used 19524K [0x00000000c5460000, 0x00000000fae00000, 0x00000000fae00000)
 concurrent-mark-sweep perm gen total 37804K, used 22691K [0x00000000fae00000, 0x00000000fd2eb000, 0x0000000100000000)
Event: 12.951 GC heap after
Heap after GC invocations=3 (full 1):
 par new generation   total 153344K, used 12195K [0x00000000bae00000, 0x00000000c5460000, 0x00000000c5460000)
  eden space 136320K,   0% used [0x00000000bae00000, 0x00000000bae00000, 0x00000000c3320000)
  from space 17024K,  71% used [0x00000000c43c0000, 0x00000000c4fa8d90, 0x00000000c5460000)
  to   space 17024K,   0% used [0x00000000c3320000, 0x00000000c3320000, 0x00000000c43c0000)
 concurrent mark-sweep generation total 878208K, used 26291K [0x00000000c5460000, 0x00000000fae00000, 0x00000000fae00000)
 concurrent-mark-sweep perm gen total 37804K, used 22691K [0x00000000fae00000, 0x00000000fd2eb000, 0x0000000100000000)
}
Event: 14.381 GC heap before
{Heap before GC invocations=3 (full 2):
 par new generation   total 153344K, used 148515K [0x00000000bae00000, 0x00000000c5460000, 0x00000000c5460000)
  eden space 136320K, 100% used [0x00000000bae00000, 0x00000000c3320000, 0x00000000c3320000)
  from space 17024K,  71% used [0x00000000c43c0000, 0x00000000c4fa8d90, 0x00000000c5460000)
  to   space 17024K,   0% used [0x00000000c3320000, 0x00000000c3320000, 0x00000000c43c0000)
 concurrent mark-sweep generation total 878208K, used 26291K [0x00000000c5460000, 0x00000000fae00000, 0x00000000fae00000)
 concurrent-mark-sweep perm gen total 37804K, used 22693K [0x00000000fae00000, 0x00000000fd2eb000, 0x0000000100000000)
Event: 14.404 GC heap after
Heap after GC invocations=4 (full 2):
 par new generation   total 153344K, used 14156K [0x00000000bae00000, 0x00000000c5460000, 0x00000000c5460000)
  eden space 136320K,   0% used [0x00000000bae00000, 0x00000000bae00000, 0x00000000c3320000)
  from space 17024K,  83% used [0x00000000c3320000, 0x00000000c40f3150, 0x00000000c43c0000)
  to   space 17024K,   0% used [0x00000000c43c0000, 0x00000000c43c0000, 0x00000000c5460000)
 concurrent mark-sweep generation total 878208K, used 26291K [0x00000000c5460000, 0x00000000fae00000, 0x00000000fae00000)
 concurrent-mark-sweep perm gen total 37804K, used 22693K [0x00000000fae00000, 0x00000000fd2eb000, 0x0000000100000000)
}
Event: 15.239 GC heap before
{Heap before GC invocations=4 (full 2):
 par new generation   total 153344K, used 150476K [0x00000000bae00000, 0x00000000c5460000, 0x00000000c5460000)
  eden space 136320K, 100% used [0x00000000bae00000, 0x00000000c3320000, 0x00000000c3320000)
  from space 17024K,  83% used [0x00000000c3320000, 0x00000000c40f3150, 0x00000000c43c0000)
  to   space 17024K,   0% used [0x00000000c43c0000, 0x00000000c43c0000, 0x00000000c5460000)
 concurrent mark-sweep generation total 878208K, used 26291K [0x00000000c5460000, 0x00000000fae00000, 0x00000000fae00000)
 concurrent-mark-sweep perm gen total 37804K, used 22702K [0x00000000fae00000, 0x00000000fd2eb000, 0x0000000100000000)
Event: 15.270 GC heap after
Heap after GC invocations=5 (full 2):
 par new generation   total 153344K, used 9071K [0x00000000bae00000, 0x00000000c5460000, 0x00000000c5460000)
  eden space 136320K,   0% used [0x00000000bae00000, 0x00000000bae00000, 0x00000000c3320000)
  from space 17024K,  53% used [0x00000000c43c0000, 0x00000000c4c9be90, 0x00000000c5460000)
  to   space 17024K,   0% used [0x00000000c3320000, 0x00000000c3320000, 0x00000000c43c0000)
 concurrent mark-sweep generation total 878208K, used 32828K [0x00000000c5460000, 0x00000000fae00000, 0x00000000fae00000)
 concurrent-mark-sweep perm gen total 37804K, used 22702K [0x00000000fae00000, 0x00000000fd2eb000, 0x0000000100000000)
}
Event: 16.790 GC heap before
{Heap before GC invocations=5 (full 2):
 par new generation   total 153344K, used 145391K [0x00000000bae00000, 0x00000000c5460000, 0x00000000c5460000)
  eden space 136320K, 100% used [0x00000000bae00000, 0x00000000c3320000, 0x00000000c3320000)
  from space 17024K,  53% used [0x00000000c43c0000, 0x00000000c4c9be90, 0x00000000c5460000)
  to   space 17024K,   0% used [0x00000000c3320000, 0x00000000c3320000, 0x00000000c43c0000)
 concurrent mark-sweep generation total 878208K, used 32823K [0x00000000c5460000, 0x00000000fae00000, 0x00000000fae00000)
 concurrent-mark-sweep perm gen total 38032K, used 22821K [0x00000000fae00000, 0x00000000fd324000, 0x0000000100000000)
Event: 16.847 GC heap after
Heap after GC invocations=6 (full 2):
 par new generation   total 153344K, used 17023K [0x00000000bae00000, 0x00000000c5460000, 0x00000000c5460000)
  eden space 136320K,   0% used [0x00000000bae00000, 0x00000000bae00000, 0x00000000c3320000)
  from space 17024K,  99% used [0x00000000c3320000, 0x00000000c43bfff8, 0x00000000c43c0000)
  to   space 17024K,   0% used [0x00000000c43c0000, 0x00000000c43c0000, 0x00000000c5460000)
 concurrent mark-sweep generation total 878208K, used 46361K [0x00000000c5460000, 0x00000000fae00000, 0x00000000fae00000)
 concurrent-mark-sweep perm gen total 38032K, used 22821K [0x00000000fae00000, 0x00000000fd324000, 0x0000000100000000)
}
Event: 18.157 GC heap before
{Heap before GC invocations=6 (full 3):
 par new generation   total 153344K, used 153343K [0x00000000bae00000, 0x00000000c5460000, 0x00000000c5460000)
  eden space 136320K, 100% used [0x00000000bae00000, 0x00000000c3320000, 0x00000000c3320000)
  from space 17024K,  99% used [0x00000000c3320000, 0x00000000c43bfff8, 0x00000000c43c0000)
  to   space 17024K,   0% used [0x00000000c43c0000, 0x00000000c43c0000, 0x00000000c5460000)
 concurrent mark-sweep generation total 878208K, used 46361K [0x00000000c5460000, 0x00000000fae00000, 0x00000000fae00000)
 concurrent-mark-sweep perm gen total 38032K, used 22830K [0x00000000fae00000, 0x00000000fd324000, 0x0000000100000000)
Event: 18.217 GC heap after
Heap after GC invocations=7 (full 3):
 par new generation   total 153344K, used 17024K [0x00000000bae00000, 0x00000000c5460000, 0x00000000c5460000)
  eden space 136320K,   0% used [0x00000000bae00000, 0x00000000bae00000, 0x00000000c3320000)
  from space 17024K, 100% used [0x00000000c43c0000, 0x00000000c5460000, 0x00000000c5460000)
  to   space 17024K,   0% used [0x00000000c3320000, 0x00000000c3320000, 0x00000000c43c0000)
 concurrent mark-sweep generation total 878208K, used 71216K [0x00000000c5460000, 0x00000000fae00000, 0x00000000fae00000)
 concurrent-mark-sweep perm gen total 38032K, used 22830K [0x00000000fae00000, 0x00000000fd324000, 0x0000000100000000)
}

